<?xml version="1.0" encoding="UTF-8"?>
<testsuite xmlns:xsi="http://www.w3.org/2001/XMLSchema-instance" xsi:noNamespaceSchemaLocation="https://maven.apache.org/surefire/maven-surefire-plugin/xsd/surefire-test-report-3.0.xsd" version="3.0" name="com.planwizz.timetable.TimetableApplicationTests" time="7.809" tests="2" errors="0" skipped="0" failures="0">
  <properties>
[...]
</properties>
  <testcase name="testUploadTextAndGenerate" classname="com.planwizz.timetable.TimetableApplicationTests" time="2.723">
    <system-out><![CDATA[Standard Commons Logging discovery in action with spring-jcl: please remove commons-logging.jar from classpath in order to avoid potential conflicts
10:50:57.267 [main] INFO org.springframework.test.context.support.AnnotationConfigContextLoaderUtils -- Could not detect default configuration classes for test class [com.planwizz.timetable.TimetableApplicationTests]: TimetableApplicationTests does not declare any static, non-private, non-final, nested classes annotated with @Configuration.
10:50:57.505 [main] INFO org.springframework.boot.test.context.SpringBootTestContextBootstrapper -- Found @SpringBootConfiguration com.planwizz.timetable.TimetableApplication for test class com.planwizz.timetable.TimetableApplicationTests
2026-06-29T10:50:58.788+05:30  INFO 49384 --- [           main] c.p.timetable.TimetableApplicationTests  : Starting TimetableApplicationTests using Java 17.0.12 with PID 49384 (started by admin in C:\Users\admin\Downloads\time_table_sec-main\time_table_sec-main\Springboot)
2026-06-29T10:50:58.788+05:30  INFO 49384 --- [           main] c.p.timetable.TimetableApplicationTests  : No active profile set, falling back to 1 default profile: "default"
2026-06-29T10:51:01.779+05:30  INFO 49384 --- [           main] o.s.b.t.m.w.SpringBootMockServletContext : Initializing Spring TestDispatcherServlet ''
2026-06-29T10:51:01.781+05:30  INFO 49384 --- [           main] o.s.t.web.servlet.TestDispatcherServlet  : Initializing Servlet ''
2026-06-29T10:51:01.788+05:30  INFO 49384 --- [           main] o.s.t.web.servlet.TestDispatcherServlet  : Completed initialization in 5 ms
2026-06-29T10:51:01.849+05:30  INFO 49384 --- [           main] c.p.timetable.TimetableApplicationTests  : Started TimetableApplicationTests in 3.812 seconds (process running for 6.155)
[INFO] PDF extraction complete: 2 course slots found
]]></system-out>
  </testcase>
  <testcase name="testHealthCheck" classname="com.planwizz.timetable.TimetableApplicationTests" time="0.014"/>
</testsuite>